<?xml version="1.0" encoding="UTF-8"?>
<testng-results ignored="0" total="1" passed="1" failed="0" skipped="0">
  <reporter-output>
  </reporter-output>
  <suite started-at="2022-10-20T21:04:15 IST" name="Suite" finished-at="2022-10-20T21:04:32 IST" duration-ms="16023">
    <groups>
      <group name="cucumber">
        <method signature="AbstractTestNGCucumberTests.runScenario(io.cucumber.testng.PickleWrapper, io.cucumber.testng.FeatureWrapper)[pri:0, instance:runner.TestRunner@506ae4d4]" name="runScenario" class="io.cucumber.testng.AbstractTestNGCucumberTests"/>
      </group> <!-- cucumber -->
    </groups>
    <test started-at="2022-10-20T21:04:15 IST" name="Test" finished-at="2022-10-20T21:04:32 IST" duration-ms="16023">
      <class name="runner.TestRunner">
        <test-method is-config="true" signature="setUpClass()[pri:0, instance:runner.TestRunner@506ae4d4]" started-at="2022-10-20T21:04:16 IST" name="setUpClass" finished-at="2022-10-20T21:04:16 IST" duration-ms="737" status="PASS">
          <reporter-output>
          </reporter-output>
        </test-method> <!-- setUpClass -->
        <test-method signature="runScenario(io.cucumber.testng.PickleWrapper, io.cucumber.testng.FeatureWrapper)[pri:0, instance:runner.TestRunner@506ae4d4]" started-at="2022-10-20T21:04:16 IST" name="runScenario" description="Runs Cucumber Scenarios" data-provider="scenarios" finished-at="2022-10-20T21:04:30 IST" duration-ms="13690" status="PASS">
          <params>
            <param index="0">
              <value>
                <![CDATA["check actitime login functionality"]]>
              </value>
            </param>
            <param index="1">
              <value>
                <![CDATA["Optional[Actitime Login test cases]"]]>
              </value>
            </param>
          </params>
          <reporter-output>
          </reporter-output>
        </test-method> <!-- runScenario -->
        <test-method is-config="true" signature="tearDownClass()[pri:0, instance:runner.TestRunner@506ae4d4]" started-at="2022-10-20T21:04:30 IST" name="tearDownClass" finished-at="2022-10-20T21:04:32 IST" duration-ms="1558" status="PASS">
          <reporter-output>
          </reporter-output>
        </test-method> <!-- tearDownClass -->
      </class> <!-- runner.TestRunner -->
    </test> <!-- Test -->
  </suite> <!-- Suite -->
</testng-results>
